<?xml version="1.0" encoding="UTF-8"?>
<!-- Generated by org.testng.reporters.JUnitReportReporter -->
<testsuite hostname="DESKTOP-1TN93AG" failures="0" tests="1" name="com.solvd.carina.demo.HelloWorld" time="0.148" errors="0" timestamp="2025-03-11T09:42:04 CET" skipped="0">
  <testcase classname="com.solvd.carina.demo.HelloWorld" name="helloWorld" time="0.148"/>
  <system-out/>
</testsuite> <!-- com.solvd.carina.demo.HelloWorld -->
